{"/Users/mama/indigo-yield-platform-v01/tests/fixtures/test-data.js": {"path":"/Users/mama/indigo-yield-platform-v01/tests/fixtures/test-data.js","statementMap":{"0":{"start":{"line":4,"column":31},"end":{"line":29,"column":1}},"1":{"start":{"line":31,"column":31},"end":{"line":62,"column":1}},"2":{"start":{"line":64,"column":28},"end":{"line":85,"column":1}},"3":{"start":{"line":87,"column":26},"end":{"line":108,"column":1}},"4":{"start":{"line":110,"column":32},"end":{"line":116,"column":1}},"5":{"start":{"line":118,"column":34},"end":{"line":149,"column":1}},"6":{"start":{"line":153,"column":2},"end":{"line":163,"column":4}},"7":{"start":{"line":167,"column":20},"end":{"line":167,"column":35}},"8":{"start":{"line":168,"column":25},"end":{"line":168,"column":54}},"9":{"start":{"line":170,"column":2},"end":{"line":179,"column":4}},"10":{"start":{"line":188,"column":2},"end":{"line":188,"column":54}},"11":{"start":{"line":196,"column":2},"end":{"line":196,"column":41}}},"fnMap":{"0":{"name":"generatePosition","decl":{"start":{"line":152,"column":16},"end":{"line":152,"column":32}},"loc":{"start":{"line":152,"column":49},"end":{"line":164,"column":1}},"line":152},"1":{"name":"generateYield","decl":{"start":{"line":166,"column":16},"end":{"line":166,"column":29}},"loc":{"start":{"line":166,"column":64},"end":{"line":180,"column":1}},"line":166},"2":{"name":"calculateCompoundInterest","decl":{"start":{"line":182,"column":16},"end":{"line":182,"column":41}},"loc":{"start":{"line":182,"column":74},"end":{"line":189,"column":1}},"line":182},"3":{"name":"calculateSimpleInterest","decl":{"start":{"line":191,"column":16},"end":{"line":191,"column":39}},"loc":{"start":{"line":191,"column":63},"end":{"line":197,"column":1}},"line":191}},"branchMap":{"0":{"loc":{"start":{"line":152,"column":33},"end":{"line":152,"column":47}},"type":"default-arg","locations":[{"start":{"line":152,"column":45},"end":{"line":152,"column":47}}],"line":152},"1":{"loc":{"start":{"line":166,"column":45},"end":{"line":166,"column":62}},"type":"default-arg","locations":[{"start":{"line":166,"column":52},"end":{"line":166,"column":62}}],"line":166},"2":{"loc":{"start":{"line":182,"column":65},"end":{"line":182,"column":72}},"type":"default-arg","locations":[{"start":{"line":182,"column":69},"end":{"line":182,"column":72}}],"line":182}},"s":{"0":3,"1":3,"2":3,"3":3,"4":3,"5":3,"6":6,"7":5,"8":5,"9":5,"10":11,"11":62},"f":{"0":6,"1":5,"2":11,"3":62},"b":{"0":[0],"1":[5],"2":[4]},"_coverageSchema":"1a1c01bbd47fc00a2c39e90264f33305004495a9","hash":"8d7413a928ba37d5193610f109dbe8449973886b"}
}
